<?xml version="1.0" encoding="UTF-8"?>
<!-- Generated by org.testng.reporters.JUnitXMLReporter -->
<testsuite hostname="maa" ignored="0" name="ChromeTest" tests="3" failures="0" timestamp="07 Apr 2018 08:04:03 GMT" time="26.045" errors="0">
  <testcase name="performLogin" time="15.535" classname="com.atmecs.automationPractice.MessageTest"/>
  <testcase name="performLoginFromHomepage" time="16.197" classname="com.atmecs.automationPractice.LoginTest"/>
  <testcase name="composeAndSendMessage" time="4.977" classname="com.atmecs.automationPractice.MessageTest"/>
</testsuite> <!-- ChromeTest -->
