<?xml version="1.0" encoding="UTF-8"?>
<!-- Generated by org.testng.reporters.JUnitXMLReporter -->
<testsuite hostname="maa" ignored="0" name="FirefoxTest" tests="3" failures="0" timestamp="07 Apr 2018 08:04:36 GMT" time="32.411" errors="0">
  <testcase name="performLoginFromHomepage" time="15.752" classname="com.atmecs.automationPractice.LoginTest"/>
  <testcase name="performLogin" time="11.763" classname="com.atmecs.automationPractice.MessageTest"/>
  <testcase name="composeAndSendMessage" time="5.819" classname="com.atmecs.automationPractice.MessageTest"/>
</testsuite> <!-- FirefoxTest -->
